<?xml version="1.0" encoding="UTF-8" ?>
<testsuite tests="6" failures="0" name="br.com.k21.TestRunner" time="0.05" errors="0" skipped="5">
  <properties>
[...]
</properties>
  <testcase classname="Cenario: Etiqueta emitida com sucesso" name="Dado que eu estou na pagina do enderecador" time="0.008">
    <skipped/>
  </testcase>
  <testcase classname="Cenario: Etiqueta emitida com sucesso" name="Quando eu preencher os dados da tela" time="0.008">
    <skipped/>
  </testcase>
  <testcase classname="Cenario: Etiqueta emitida com sucesso" name="E clicar no botao" time="0.008">
    <skipped/>
  </testcase>
  <testcase classname="Cenario: Etiqueta emitida com sucesso" name="Entao a etiqueta deve ser emitida" time="0.008">
    <skipped/>
  </testcase>
  <testcase classname="Cenario: Etiqueta emitida com sucesso" name="Cenario: Etiqueta emitida com sucesso" time="0.009">
    <skipped/>
  </testcase>
  <testcase classname="Cenario: Etiqueta emitida com sucesso" name="Cenario: Etiqueta emitida com sucesso" time="0.009"/>
</testsuite>