<?xml version="1.0" encoding="UTF-8"?>
<testsuite xmlns:xsi="http://www.w3.org/2001/XMLSchema-instance" xsi:noNamespaceSchemaLocation="https://maven.apache.org/surefire/maven-surefire-plugin/xsd/surefire-test-report.xsd" name="br.com.k21.TestCommissionCalculator" time="0.479" tests="5" errors="0" skipped="0" failures="0">
  <properties>
[...]
</properties>
  <testcase name="test_commission_9999_99_return_499_99" classname="br.com.k21.TestCommissionCalculator" time="0.016"/>
  <testcase name="test_commission_10001_return_600_06" classname="br.com.k21.TestCommissionCalculator" time="0.001"/>
  <testcase name="test_commission_10000_99_return_600_05" classname="br.com.k21.TestCommissionCalculator" time="0.002"/>
  <testcase name="test_commission_10000_return_500" classname="br.com.k21.TestCommissionCalculator" time="0.002"/>
  <testcase name="test_rounding_commission_55_59_return_2_77" classname="br.com.k21.TestCommissionCalculator" time="0.001"/>
</testsuite>